Traceback (most recent call last):
  File "E:\Misc\DroneFlask\venv\Lib\site-packages\bdsim\blockdiagram.py", line 594, in schedule_evaluate
    out = b.output(t, None, b._x)
TypeError: WebSource.output() takes from 1 to 2 positional arguments but 4 were given
Traceback (most recent call last):
  File "E:\Misc\DroneFlask\venv\Lib\site-packages\bdsim\blockdiagram.py", line 475, in compile
    self.schedule_evaluate(x, 0.0, sinks=False)
    ~~~~~~~~~~~~~~~~~~~~~~^^^^^^^^^^^^^^^^^^^^^
  File "E:\Misc\DroneFlask\venv\Lib\site-packages\bdsim\blockdiagram.py", line 616, in schedule_evaluate
    raise RuntimeError from None
RuntimeError
Traceback (most recent call last):
  File "E:\Misc\DroneFlask\debug_compile.py", line 8, in <module>
    setup_web_simulation(state, q)
    ~~~~~~~~~~~~~~~~~~~~^^^^^^^^^^
  File "E:\Misc\DroneFlask\quadcopter_web.py", line 135, in setup_web_simulation
    bd.compile()
    ~~~~~~~~~~^^
  File "E:\Misc\DroneFlask\venv\Lib\site-packages\bdsim\blockdiagram.py", line 486, in compile
    raise RuntimeError("could not compile system")
RuntimeError: could not compile system
